[debug] [2020-07-14T21:50:41.300Z] ----------------------------------------------------------------------
[debug] [2020-07-14T21:50:41.304Z] Command:       C:\Program Files\nodejs\node.exe C:\Users\nnumlamu\AppData\Roaming\npm\node_modules\firebase-tools\lib\bin\firebase.js login
[debug] [2020-07-14T21:50:41.305Z] CLI Version:   8.5.0
[debug] [2020-07-14T21:50:41.305Z] Platform:      win32
[debug] [2020-07-14T21:50:41.305Z] Node Version:  v14.5.0
[debug] [2020-07-14T21:50:41.311Z] Time:          Wed Jul 15 2020 04:50:41 GMT+0700 (เวลาอินโดจีน)
[debug] [2020-07-14T21:50:41.312Z] ----------------------------------------------------------------------
[debug] [2020-07-14T21:50:41.312Z] 
[info] i  Firebase optionally collects CLI usage and error reporting information to help improve our products. Data is collected in accordance with Google's privacy policy (https://policies.google.com/privacy) and is not used to identify you.
 
[info] i  To change your data collection preference at any time, run `firebase logout` and log in again. 
[info] 
[info] Visit this URL on this device to log in:
[info] https://accounts.google.com/o/oauth2/auth?client_id=563584335869-fgrhgmd47bqnekij5i8b5pr03ho849e6.apps.googleusercontent.com&scope=email%20openid%20https%3A%2F%2Fwww.googleapis.com%2Fauth%2Fcloudplatformprojects.readonly%20https%3A%2F%2Fwww.googleapis.com%2Fauth%2Ffirebase%20https%3A%2F%2Fwww.googleapis.com%2Fauth%2Fcloud-platform&response_type=code&state=175973527&redirect_uri=http%3A%2F%2Flocalhost%3A9005
[info] 
[info] Waiting for authentication...
[debug] [2020-07-14T21:52:28.766Z] >>> HTTP REQUEST POST https://accounts.google.com/o/oauth2/token  
 {"code":"4/2AHIhveFD9LuxtfnOPqEBnhdXZEAVYZJ54AYs1v9fblzImYP4bEABcWNSMTmOQfJy43QSQt7mbhovH703Y2d4Os","client_id":"563584335869-fgrhgmd47bqnekij5i8b5pr03ho849e6.apps.googleusercontent.com","client_secret":"j9iVZfS8kkCEFUPaAeJV0sAi","redirect_uri":"http://localhost:9005","grant_type":"authorization_code"}
[debug] [2020-07-14T21:52:49.938Z] Token Fetch Error: FirebaseError: Server Error. connect ETIMEDOUT 74.125.130.84:443
    at Request._callback (C:\Users\nnumlamu\AppData\Roaming\npm\node_modules\firebase-tools\lib\api.js:32:31)
    at self.callback (C:\Users\nnumlamu\AppData\Roaming\npm\node_modules\firebase-tools\node_modules\request\request.js:185:22)
    at Request.emit (events.js:314:20)
    at Request.EventEmitter.emit (domain.js:486:12)
    at Request.onRequestError (C:\Users\nnumlamu\AppData\Roaming\npm\node_modules\firebase-tools\node_modules\request\request.js:877:8)
    at ClientRequest.emit (events.js:314:20)
    at ClientRequest.EventEmitter.emit (domain.js:486:12)
    at TLSSocket.socketErrorListener (_http_client.js:469:9)
    at TLSSocket.emit (events.js:314:20)
    at TLSSocket.EventEmitter.emit (domain.js:486:12)
    at emitErrorNT (internal/streams/destroy.js:100:8)
    at emitErrorCloseNT (internal/streams/destroy.js:68:3)
    at processTicksAndRejections (internal/process/task_queues.js:80:21)
[debug] [2020-07-14T21:54:27.469Z] ----------------------------------------------------------------------
[debug] [2020-07-14T21:54:27.473Z] Command:       C:\Program Files\nodejs\node.exe C:\Users\nnumlamu\AppData\Roaming\npm\node_modules\firebase-tools\lib\bin\firebase.js login
[debug] [2020-07-14T21:54:27.474Z] CLI Version:   8.5.0
[debug] [2020-07-14T21:54:27.474Z] Platform:      win32
[debug] [2020-07-14T21:54:27.474Z] Node Version:  v14.5.0
[debug] [2020-07-14T21:54:27.481Z] Time:          Wed Jul 15 2020 04:54:27 GMT+0700 (เวลาอินโดจีน)
[debug] [2020-07-14T21:54:27.482Z] ----------------------------------------------------------------------
[debug] [2020-07-14T21:54:27.482Z] 
[info] i  Firebase optionally collects CLI usage and error reporting information to help improve our products. Data is collected in accordance with Google's privacy policy (https://policies.google.com/privacy) and is not used to identify you.
 
[info] i  To change your data collection preference at any time, run `firebase logout` and log in again. 
[info] 
[info] Visit this URL on this device to log in:
[info] https://accounts.google.com/o/oauth2/auth?client_id=563584335869-fgrhgmd47bqnekij5i8b5pr03ho849e6.apps.googleusercontent.com&scope=email%20openid%20https%3A%2F%2Fwww.googleapis.com%2Fauth%2Fcloudplatformprojects.readonly%20https%3A%2F%2Fwww.googleapis.com%2Fauth%2Ffirebase%20https%3A%2F%2Fwww.googleapis.com%2Fauth%2Fcloud-platform&response_type=code&state=737844719&redirect_uri=http%3A%2F%2Flocalhost%3A9005
[info] 
[info] Waiting for authentication...
[debug] [2020-07-14T21:54:45.190Z] >>> HTTP REQUEST POST https://accounts.google.com/o/oauth2/token  
 {"code":"4/2AEPEVJSmbQDK4ifraHEBIgAy9srxmOBHHGBCFZPrg8h3axQ8AMAgQp_kAOAeVtkah5pjcVP3XjRaKlzt7Y9qFo","client_id":"563584335869-fgrhgmd47bqnekij5i8b5pr03ho849e6.apps.googleusercontent.com","client_secret":"j9iVZfS8kkCEFUPaAeJV0sAi","redirect_uri":"http://localhost:9005","grant_type":"authorization_code"}
[debug] [2020-07-14T21:55:06.297Z] Token Fetch Error: FirebaseError: Server Error. connect ETIMEDOUT 74.125.130.84:443
    at Request._callback (C:\Users\nnumlamu\AppData\Roaming\npm\node_modules\firebase-tools\lib\api.js:32:31)
    at self.callback (C:\Users\nnumlamu\AppData\Roaming\npm\node_modules\firebase-tools\node_modules\request\request.js:185:22)
    at Request.emit (events.js:314:20)
    at Request.EventEmitter.emit (domain.js:486:12)
    at Request.onRequestError (C:\Users\nnumlamu\AppData\Roaming\npm\node_modules\firebase-tools\node_modules\request\request.js:877:8)
    at ClientRequest.emit (events.js:314:20)
    at ClientRequest.EventEmitter.emit (domain.js:486:12)
    at TLSSocket.socketErrorListener (_http_client.js:469:9)
    at TLSSocket.emit (events.js:314:20)
    at TLSSocket.EventEmitter.emit (domain.js:486:12)
    at emitErrorNT (internal/streams/destroy.js:100:8)
    at emitErrorCloseNT (internal/streams/destroy.js:68:3)
    at processTicksAndRejections (internal/process/task_queues.js:80:21)
[debug] [2020-07-14T21:56:16.995Z] ----------------------------------------------------------------------
[debug] [2020-07-14T21:56:16.999Z] Command:       C:\Program Files\nodejs\node.exe C:\Users\nnumlamu\AppData\Roaming\npm\node_modules\firebase-tools\lib\bin\firebase.js login
[debug] [2020-07-14T21:56:17.000Z] CLI Version:   8.5.0
[debug] [2020-07-14T21:56:17.000Z] Platform:      win32
[debug] [2020-07-14T21:56:17.000Z] Node Version:  v14.5.0
[debug] [2020-07-14T21:56:17.004Z] Time:          Wed Jul 15 2020 04:56:17 GMT+0700 (เวลาอินโดจีน)
[debug] [2020-07-14T21:56:17.005Z] ----------------------------------------------------------------------
[debug] [2020-07-14T21:56:17.005Z] 
[info] i  Firebase optionally collects CLI usage and error reporting information to help improve our products. Data is collected in accordance with Google's privacy policy (https://policies.google.com/privacy) and is not used to identify you.
 
[info] i  To change your data collection preference at any time, run `firebase logout` and log in again. 
[info] 
[info] Visit this URL on this device to log in:
[info] https://accounts.google.com/o/oauth2/auth?client_id=563584335869-fgrhgmd47bqnekij5i8b5pr03ho849e6.apps.googleusercontent.com&scope=email%20openid%20https%3A%2F%2Fwww.googleapis.com%2Fauth%2Fcloudplatformprojects.readonly%20https%3A%2F%2Fwww.googleapis.com%2Fauth%2Ffirebase%20https%3A%2F%2Fwww.googleapis.com%2Fauth%2Fcloud-platform&response_type=code&state=270258151&redirect_uri=http%3A%2F%2Flocalhost%3A9005
[info] 
[info] Waiting for authentication...
